<?xml version="1.0" encoding="UTF-8"?>
<testng-results ignored="0" total="2" passed="2" failed="0" skipped="0">
  <reporter-output>
  </reporter-output>
  <suite started-at="2022-01-12T17:02:34 IST" name="Default suite" finished-at="2022-01-12T17:02:46 IST" duration-ms="12385">
    <groups>
    </groups>
    <test started-at="2022-01-12T17:02:34 IST" name="Default test" finished-at="2022-01-12T17:02:46 IST" duration-ms="12385">
      <class name="mavenFirst.VerifyGoogleTest">
        <test-method is-config="true" signature="setbrowser()[pri:0, instance:mavenFirst.VerifyGoogleTest@16a0ee18]" started-at="2022-01-12T17:02:34 IST" name="setbrowser" finished-at="2022-01-12T17:02:40 IST" duration-ms="6358" status="PASS">
          <reporter-output>
          </reporter-output>
        </test-method> <!-- setbrowser -->
        <test-method signature="checkTitle()[pri:0, instance:mavenFirst.VerifyGoogleTest@16a0ee18]" started-at="2022-01-12T17:02:40 IST" name="checkTitle" finished-at="2022-01-12T17:02:40 IST" duration-ms="35" status="PASS">
          <reporter-output>
          </reporter-output>
        </test-method> <!-- checkTitle -->
        <test-method is-config="true" signature="closeWindow()[pri:0, instance:mavenFirst.VerifyGoogleTest@16a0ee18]" started-at="2022-01-12T17:02:40 IST" name="closeWindow" finished-at="2022-01-12T17:02:41 IST" duration-ms="823" status="PASS">
          <reporter-output>
          </reporter-output>
        </test-method> <!-- closeWindow -->
        <test-method is-config="true" signature="setbrowser()[pri:0, instance:mavenFirst.VerifyGoogleTest@16a0ee18]" started-at="2022-01-12T17:02:41 IST" name="setbrowser" finished-at="2022-01-12T17:02:45 IST" duration-ms="4214" status="PASS">
          <reporter-output>
          </reporter-output>
        </test-method> <!-- setbrowser -->
        <test-method signature="checklogo()[pri:1, instance:mavenFirst.VerifyGoogleTest@16a0ee18]" started-at="2022-01-12T17:02:45 IST" name="checklogo" finished-at="2022-01-12T17:02:45 IST" duration-ms="97" status="PASS">
          <reporter-output>
          </reporter-output>
        </test-method> <!-- checklogo -->
        <test-method is-config="true" signature="closeWindow()[pri:0, instance:mavenFirst.VerifyGoogleTest@16a0ee18]" started-at="2022-01-12T17:02:45 IST" name="closeWindow" finished-at="2022-01-12T17:02:46 IST" duration-ms="786" status="PASS">
          <reporter-output>
          </reporter-output>
        </test-method> <!-- closeWindow -->
      </class> <!-- mavenFirst.VerifyGoogleTest -->
    </test> <!-- Default test -->
  </suite> <!-- Default suite -->
</testng-results>
