<?xml version="1.0" encoding="UTF-8"?>
<testng-results ignored="0" total="2" passed="2" failed="0" skipped="0">
  <reporter-output>
  </reporter-output>
  <suite started-at="2022-01-12T17:55:51 IST" name="Default suite" finished-at="2022-01-12T17:56:06 IST" duration-ms="14883">
    <groups>
    </groups>
    <test started-at="2022-01-12T17:55:51 IST" name="Default test" finished-at="2022-01-12T17:56:06 IST" duration-ms="14883">
      <class name="mavenFirst.VerifyGoogleTest">
        <test-method is-config="true" signature="setbrowser()[pri:0, instance:mavenFirst.VerifyGoogleTest@71238fc2]" started-at="2022-01-12T17:55:51 IST" name="setbrowser" finished-at="2022-01-12T17:55:59 IST" duration-ms="7891" status="PASS">
          <reporter-output>
          </reporter-output>
        </test-method> <!-- setbrowser -->
        <test-method signature="checkTitle()[pri:0, instance:mavenFirst.VerifyGoogleTest@71238fc2]" started-at="2022-01-12T17:55:59 IST" name="checkTitle" finished-at="2022-01-12T17:55:59 IST" duration-ms="25" status="PASS">
          <reporter-output>
          </reporter-output>
        </test-method> <!-- checkTitle -->
        <test-method is-config="true" signature="closeWindow()[pri:0, instance:mavenFirst.VerifyGoogleTest@71238fc2]" started-at="2022-01-12T17:55:59 IST" name="closeWindow" finished-at="2022-01-12T17:56:00 IST" duration-ms="708" status="PASS">
          <reporter-output>
          </reporter-output>
        </test-method> <!-- closeWindow -->
        <test-method is-config="true" signature="setbrowser()[pri:0, instance:mavenFirst.VerifyGoogleTest@71238fc2]" started-at="2022-01-12T17:56:00 IST" name="setbrowser" finished-at="2022-01-12T17:56:05 IST" duration-ms="5453" status="PASS">
          <reporter-output>
          </reporter-output>
        </test-method> <!-- setbrowser -->
        <test-method signature="checklogo()[pri:1, instance:mavenFirst.VerifyGoogleTest@71238fc2]" started-at="2022-01-12T17:56:05 IST" name="checklogo" finished-at="2022-01-12T17:56:05 IST" duration-ms="60" status="PASS">
          <reporter-output>
          </reporter-output>
        </test-method> <!-- checklogo -->
        <test-method is-config="true" signature="closeWindow()[pri:0, instance:mavenFirst.VerifyGoogleTest@71238fc2]" started-at="2022-01-12T17:56:05 IST" name="closeWindow" finished-at="2022-01-12T17:56:06 IST" duration-ms="700" status="PASS">
          <reporter-output>
          </reporter-output>
        </test-method> <!-- closeWindow -->
      </class> <!-- mavenFirst.VerifyGoogleTest -->
    </test> <!-- Default test -->
  </suite> <!-- Default suite -->
</testng-results>
