<?xml version="1.0" encoding="UTF-8"?>
<!-- Generated by org.testng.reporters.JUnitXMLReporter -->
<testsuite ignored="0" hostname="LAPTOP-I4NIJFCH" failures="0" tests="2" name="Test" time="4.103" errors="0" timestamp="2022-01-12T17:48:08 IST">
  <testcase classname="mavenFirst.VerifyGoogleTest" name="@BeforeMethod setbrowser" time="4.006">
    <failure type="org.openqa.selenium.SessionNotCreatedException" message="Could not start a new session. Response code 500. Message: unknown error: MSEdge failed to start: was killed.
  (unknown error: DevToolsActivePort file doesn&amp;apos;t exist)
  (The process started from msedge location C:\Program Files (x86)\Microsoft\Edge\Application\msedge.exe is no longer running, so MSEdgeDriver is assuming that MSEdge has crashed.)
Build info: version: &amp;apos;4.1.1&amp;apos;, revision: &amp;apos;e8fcc2cecf&amp;apos;
System info: host: &amp;apos;LAPTOP-I4NIJFCH&amp;apos;, ip: &amp;apos;192.168.29.75&amp;apos;, os.name: &amp;apos;Windows 10&amp;apos;, os.arch: &amp;apos;amd64&amp;apos;, os.version: &amp;apos;10.0&amp;apos;, java.version: &amp;apos;11.0.10&amp;apos;
Driver info: org.openqa.selenium.edge.EdgeDriver
Command: [null, newSession {capabilities=[Capabilities {browserName: MicrosoftEdge, ms:edgeOptions: {args: [headless], extensions: []}}], desiredCapabilities=Capabilities {browserName: MicrosoftEdge, ms:edgeOptions: {args: [headless], extensions: []}}}]">
      <![CDATA[org.openqa.selenium.SessionNotCreatedException: Could not start a new session. Response code 500. Message: unknown error: MSEdge failed to start: was killed.
  (unknown error: DevToolsActivePort file doesn't exist)
  (The process started from msedge location C:\Program Files (x86)\Microsoft\Edge\Application\msedge.exe is no longer running, so MSEdgeDriver is assuming that MSEdge has crashed.)
Build info: version: '4.1.1', revision: 'e8fcc2cecf'
System info: host: 'LAPTOP-I4NIJFCH', ip: '192.168.29.75', os.name: 'Windows 10', os.arch: 'amd64', os.version: '10.0', java.version: '11.0.10'
Driver info: org.openqa.selenium.edge.EdgeDriver
Command: [null, newSession {capabilities=[Capabilities {browserName: MicrosoftEdge, ms:edgeOptions: {args: [headless], extensions: []}}], desiredCapabilities=Capabilities {browserName: MicrosoftEdge, ms:edgeOptions: {args: [headless], extensions: []}}}]
at org.openqa.selenium.remote.ProtocolHandshake.createSession(ProtocolHandshake.java:126)
at org.openqa.selenium.remote.ProtocolHandshake.createSession(ProtocolHandshake.java:84)
at org.openqa.selenium.remote.ProtocolHandshake.createSession(ProtocolHandshake.java:62)
at org.openqa.selenium.remote.HttpCommandExecutor.execute(HttpCommandExecutor.java:156)
at org.openqa.selenium.remote.service.DriverCommandExecutor.invokeExecute(DriverCommandExecutor.java:167)
at org.openqa.selenium.remote.service.DriverCommandExecutor.execute(DriverCommandExecutor.java:142)
at org.openqa.selenium.remote.RemoteWebDriver.execute(RemoteWebDriver.java:543)
at org.openqa.selenium.remote.RemoteWebDriver.startSession(RemoteWebDriver.java:230)
at org.openqa.selenium.remote.RemoteWebDriver.<init>(RemoteWebDriver.java:151)
at org.openqa.selenium.chromium.ChromiumDriver.<init>(ChromiumDriver.java:108)
at org.openqa.selenium.edge.EdgeDriver.<init>(EdgeDriver.java:49)
at org.openqa.selenium.edge.EdgeDriver.<init>(EdgeDriver.java:41)
at mavenFirst.VerifyGoogleTest.setbrowser(VerifyGoogleTest.java:46)
at java.base/java.util.ArrayList.forEach(ArrayList.java:1541)
... Removed 40 stack frames]]>
    </failure>
  </testcase> <!-- @BeforeMethod setbrowser -->
  <testcase classname="mavenFirst.VerifyGoogleTest" name="@AfterMethod closeWindow" time="-1.641989888136E9">
    <skipped/>
  </testcase> <!-- @AfterMethod closeWindow -->
  <testcase classname="mavenFirst.VerifyGoogleTest" name="@BeforeMethod setbrowser" time="-1.64198988814E9">
    <skipped/>
  </testcase> <!-- @BeforeMethod setbrowser -->
  <testcase classname="mavenFirst.VerifyGoogleTest" name="@AfterMethod closeWindow" time="-1.641989888142E9">
    <skipped/>
  </testcase> <!-- @AfterMethod closeWindow -->
  <testcase classname="mavenFirst.VerifyGoogleTest" name="checkTitle" time="0.0">
    <skipped/>
  </testcase> <!-- checkTitle -->
  <testcase classname="mavenFirst.VerifyGoogleTest" name="checklogo" time="0.0">
    <skipped/>
  </testcase> <!-- checklogo -->
</testsuite> <!-- Test -->
