<?xml version="1.0" encoding="UTF-8"?>
<!-- Generated by org.testng.reporters.JUnitXMLReporter -->
<testsuite ignored="1" hostname="LAPTOP-I4NIJFCH" failures="0" tests="1" name="Default test" time="6.828" errors="0" timestamp="2022-01-12T18:15:33 IST">
  <testcase classname="mavenFirst.VerifyGoogleTest" name="checklogo" time="0.134"/>
  <testcase classname="mavenFirst.VerifyGoogleTest" name="checkTitle" time="0.0">
    <ignored/>
  </testcase> <!-- checkTitle -->
</testsuite> <!-- Default test -->
